
GET: /api/contacts | 16-05-2023_12:25:57
POST: /api/contacts | 16-05-2023_12:29:23
POST: /api/contacts | 16-05-2023_12:29:45
DELETE: /api/contacts/_q61p_PeBaZUd3VY7M2cP | 16-05-2023_12:30:28
PUT: /api/contacts/4S-6ZKbDwxIl8-uqXCs4m | 16-05-2023_12:33:10
GET: /api/contacts | 16-05-2023_01:28:38
GET: /api/contacts | 21-05-2023_11:23:07
GET: /api/contacts | 22-05-2023_04:59:13
POST: /api/contacts | 22-05-2023_05:12:39
POST: /api/contacts | 22-05-2023_05:13:45
POST: /api/contacts | 22-05-2023_05:16:29
POST: /api/contacts | 22-05-2023_05:16:42
POST: /api/contacts | 22-05-2023_05:17:48

GET: /api/contacts | 24-05-2023_12:16:58
GET: /api/contacts | 24-05-2023_03:32:06
DELETE: /api/contacts/646cc6527514be237a6f0688 | 24-05-2023_03:35:37
PATCH: /api/contacts/646781cb230cc673b75373d7 | 24-05-2023_03:39:00
PATCH: /api/contacts/646781cb230cc673b75373d7 | 24-05-2023_03:39:27
PATCH: /api/contacts/646781cb230cc673b75373d7 | 24-05-2023_03:40:25
PATCH: /api/contacts/646781cb230cc673b75373d7 | 24-05-2023_03:40:53
PATCH: /api/contacts/646781cb230cc673b75373d7/favorite | 24-05-2023_03:41:13